<?xml version="1.0" encoding="UTF-8"?>
<testng-results ignored="0" total="2" passed="2" failed="0" skipped="0">
  <reporter-output>
  </reporter-output>
  <suite started-at="2023-10-22T16:33:07 PET" name="Default suite" finished-at="2023-10-22T16:33:20 PET" duration-ms="13020">
    <groups>
    </groups>
    <test started-at="2023-10-22T16:33:07 PET" name="Default test" finished-at="2023-10-22T16:33:20 PET" duration-ms="13020">
      <class name="Guru99.tests.TestLogin">
        <test-method is-config="true" signature="setUp()[pri:0, instance:Guru99.tests.TestLogin@223191a6]" started-at="2023-10-22T16:33:07 PET" name="setUp" finished-at="2023-10-22T16:33:19 PET" duration-ms="11668" status="PASS">
          <reporter-output>
          </reporter-output>
        </test-method> <!-- setUp -->
        <test-method signature="testHomePageAppearCorrect()[pri:0, instance:Guru99.tests.TestLogin@223191a6]" started-at="2023-10-22T16:33:19 PET" name="testHomePageAppearCorrect" finished-at="2023-10-22T16:33:20 PET" duration-ms="1304" status="PASS">
          <reporter-output>
          </reporter-output>
        </test-method> <!-- testHomePageAppearCorrect -->
        <test-method signature="testLoginCorrect()[pri:1, instance:Guru99.tests.TestLogin@223191a6]" started-at="2023-10-22T16:33:20 PET" name="testLoginCorrect" finished-at="2023-10-22T16:33:20 PET" duration-ms="9" status="PASS">
          <reporter-output>
          </reporter-output>
        </test-method> <!-- testLoginCorrect -->
        <test-method is-config="true" signature="close()[pri:0, instance:Guru99.tests.TestLogin@223191a6]" started-at="2023-10-22T16:33:20 PET" name="close" finished-at="2023-10-22T16:33:20 PET" duration-ms="3" status="PASS">
          <reporter-output>
          </reporter-output>
        </test-method> <!-- close -->
      </class> <!-- Guru99.tests.TestLogin -->
    </test> <!-- Default test -->
  </suite> <!-- Default suite -->
</testng-results>
