<?xml version="1.0" encoding="UTF-8"?>
<testng-results ignored="0" total="3" passed="3" failed="0" skipped="0">
  <reporter-output>
  </reporter-output>
  <suite started-at="2023-10-25T19:49:16 PET" name="Default suite" finished-at="2023-10-25T19:49:31 PET" duration-ms="14996">
    <groups>
    </groups>
    <test started-at="2023-10-25T19:49:16 PET" name="Default test" finished-at="2023-10-25T19:49:31 PET" duration-ms="14996">
      <class name="Guru99.tests.TestLogin">
        <test-method is-config="true" signature="setUp()[pri:0, instance:Guru99.tests.TestLogin@128d2484]" started-at="2023-10-25T19:49:16 PET" name="setUp" finished-at="2023-10-25T19:49:25 PET" duration-ms="9015" status="PASS">
          <reporter-output>
          </reporter-output>
        </test-method> <!-- setUp -->
        <test-method signature="testLoginCorrect(java.lang.String,java.lang.String,java.lang.String)[pri:0, instance:Guru99.tests.TestLogin@128d2484]" started-at="2023-10-25T19:49:26 PET" name="testLoginCorrect" data-provider="Data login" finished-at="2023-10-25T19:49:27 PET" duration-ms="816" status="PASS">
          <params>
            <param index="0">
              <value>
                <![CDATA[mngr533455]]>
              </value>
            </param>
            <param index="1">
              <value>
                <![CDATA[1q2w3e4r]]>
              </value>
            </param>
            <param index="2">
              <value>
                <![CDATA[i]]>
              </value>
            </param>
          </params>
          <reporter-output>
          </reporter-output>
        </test-method> <!-- testLoginCorrect -->
        <test-method signature="testLoginCorrect(java.lang.String,java.lang.String,java.lang.String)[pri:0, instance:Guru99.tests.TestLogin@128d2484]" started-at="2023-10-25T19:49:27 PET" name="testLoginCorrect" data-provider="Data login" finished-at="2023-10-25T19:49:29 PET" duration-ms="2345" status="PASS">
          <params>
            <param index="0">
              <value>
                <![CDATA[mngr533450]]>
              </value>
            </param>
            <param index="1">
              <value>
                <![CDATA[arunAja]]>
              </value>
            </param>
            <param index="2">
              <value>
                <![CDATA[v]]>
              </value>
            </param>
          </params>
          <reporter-output>
          </reporter-output>
        </test-method> <!-- testLoginCorrect -->
        <test-method signature="testLoginCorrect(java.lang.String,java.lang.String,java.lang.String)[pri:0, instance:Guru99.tests.TestLogin@128d2484]" started-at="2023-10-25T19:49:29 PET" name="testLoginCorrect" data-provider="Data login" finished-at="2023-10-25T19:49:30 PET" duration-ms="845" status="PASS">
          <params>
            <param index="0">
              <value>
                <![CDATA[mngr533455]]>
              </value>
            </param>
            <param index="1">
              <value>
                <![CDATA[1q2w3e4r]]>
              </value>
            </param>
            <param index="2">
              <value>
                <![CDATA[i]]>
              </value>
            </param>
          </params>
          <reporter-output>
          </reporter-output>
        </test-method> <!-- testLoginCorrect -->
        <test-method is-config="true" signature="close()[pri:0, instance:Guru99.tests.TestLogin@128d2484]" started-at="2023-10-25T19:49:30 PET" name="close" finished-at="2023-10-25T19:49:31 PET" duration-ms="1293" status="PASS">
          <reporter-output>
          </reporter-output>
        </test-method> <!-- close -->
      </class> <!-- Guru99.tests.TestLogin -->
    </test> <!-- Default test -->
  </suite> <!-- Default suite -->
</testng-results>
