<?xml version="1.0" encoding="UTF-8"?>
<!-- Generated by org.testng.reporters.JUnitXMLReporter -->
<testsuite ignored="2" hostname="Laptop-Gera" failures="0" tests="3" name="Default test" time="14.996" errors="0" timestamp="2023-10-25T19:49:31 PET">
  <testcase classname="Guru99.tests.TestLogin" name="testLoginCorrect" time="0.816"/>
  <testcase classname="Guru99.tests.TestLogin" name="testLoginCorrect" time="2.345"/>
  <testcase classname="Guru99.tests.TestLogin" name="testLoginCorrect" time="0.845"/>
  <testcase classname="Guru99.tests.TestLogin" name="testHomeCorrect" time="0.0">
    <ignored/>
  </testcase> <!-- testHomeCorrect -->
  <testcase classname="Guru99.tests.TestLogin" name="testHomePageAppearCorrect" time="0.0">
    <ignored/>
  </testcase> <!-- testHomePageAppearCorrect -->
</testsuite> <!-- Default test -->
